<?xml version="1.0" encoding="UTF-8"?>
<testsuite name="EscolhendoAOrdemTeste" tests="1" skipped="0" failures="0" errors="0" timestamp="2022-09-26T13:49:35" hostname="NAVANTB0993" time="0.016">
  <properties/>
  <testcase name="Teste que valida se o usuÃ¡rio foi criado" classname="EscolhendoAOrdemTeste" time="0.016"/>
  <system-out><![CDATA[]]></system-out>
  <system-err><![CDATA[]]></system-err>
</testsuite>
